# JRE version: OpenJDK Runtime Environment Corretto-11.0.16.9.1 (11.0.16.1+9) (build 11.0.16.1+9-LTS)
# Java VM: OpenJDK 64-Bit Server VM Corretto-11.0.16.9.1 (11.0.16.1+9-LTS, mixed mode, tiered, compressed oops, g1 gc, windows-amd64)
Heap:
 garbage-first heap   total 92160K, used 49990K [0x00000000c2400000, 0x0000000100000000)
  region size 1024K, 12 young (12288K), 3 survivors (3072K)
 Metaspace       used 53479K, capacity 55159K, committed 55324K, reserved 1097728K
  class space    used 6397K, capacity 7060K, committed 7116K, reserved 1048576K
GC Heap History (20 events):
Event: 17.319 GC heap before
{Heap before GC invocations=19 (full 0):
 garbage-first heap   total 76800K, used 56218K [0x00000000c2400000, 0x0000000100000000)
  region size 1024K, 26 young (26624K), 5 survivors (5120K)
 Metaspace       used 51279K, capacity 52839K, committed 52892K, reserved 1095680K
  class space    used 6100K, capacity 6719K, committed 6732K, reserved 1048576K
}
Event: 17.331 GC heap after
{Heap after GC invocations=20 (full 0):
 garbage-first heap   total 76800K, used 40960K [0x00000000c2400000, 0x0000000100000000)
  region size 1024K, 4 young (4096K), 4 survivors (4096K)
 Metaspace       used 51279K, capacity 52839K, committed 52892K, reserved 1095680K
  class space    used 6100K, capacity 6719K, committed 6732K, reserved 1048576K
}
Event: 17.343 GC heap before
{Heap before GC invocations=20 (full 0):
 garbage-first heap   total 76800K, used 45056K [0x00000000c2400000, 0x0000000100000000)
  region size 1024K, 9 young (9216K), 4 survivors (4096K)
 Metaspace       used 51281K, capacity 52839K, committed 52892K, reserved 1095680K
  class space    used 6100K, capacity 6719K, committed 6732K, reserved 1048576K
}
Event: 17.348 GC heap after
{Heap after GC invocations=21 (full 0):
 garbage-first heap   total 76800K, used 43171K [0x00000000c2400000, 0x0000000100000000)
  region size 1024K, 2 young (2048K), 2 survivors (2048K)
 Metaspace       used 51281K, capacity 52839K, committed 52892K, reserved 1095680K
  class space    used 6100K, capacity 6719K, committed 6732K, reserved 1048576K
}
Event: 17.453 GC heap before
{Heap before GC invocations=21 (full 0):
 garbage-first heap   total 76800K, used 53411K [0x00000000c2400000, 0x0000000100000000)
  region size 1024K, 13 young (13312K), 2 survivors (2048K)
 Metaspace       used 51281K, capacity 52839K, committed 52892K, reserved 1095680K
  class space    used 6100K, capacity 6719K, committed 6732K, reserved 1048576K
}
Event: 17.457 GC heap after
{Heap after GC invocations=22 (full 0):
 garbage-first heap   total 76800K, used 44241K [0x00000000c2400000, 0x0000000100000000)
  region size 1024K, 2 young (2048K), 2 survivors (2048K)
 Metaspace       used 51281K, capacity 52839K, committed 52892K, reserved 1095680K
  class space    used 6100K, capacity 6719K, committed 6732K, reserved 1048576K
}
Event: 17.549 GC heap before
{Heap before GC invocations=23 (full 0):
 garbage-first heap   total 76800K, used 56529K [0x00000000c2400000, 0x0000000100000000)
  region size 1024K, 14 young (14336K), 2 survivors (2048K)
 Metaspace       used 51297K, capacity 52840K, committed 52892K, reserved 1095680K
  class space    used 6100K, capacity 6719K, committed 6732K, reserved 1048576K
}
Event: 17.557 GC heap after
{Heap after GC invocations=24 (full 0):
 garbage-first heap   total 76800K, used 49359K [0x00000000c2400000, 0x0000000100000000)
  region size 1024K, 2 young (2048K), 2 survivors (2048K)
 Metaspace       used 51297K, capacity 52840K, committed 52892K, reserved 1095680K
  class space    used 6100K, capacity 6719K, committed 6732K, reserved 1048576K
}
Event: 17.560 GC heap before
{Heap before GC invocations=24 (full 0):
 garbage-first heap   total 76800K, used 49359K [0x00000000c2400000, 0x0000000100000000)
  region size 1024K, 3 young (3072K), 2 survivors (2048K)
 Metaspace       used 51297K, capacity 52840K, committed 52892K, reserved 1095680K
  class space    used 6100K, capacity 6719K, committed 6732K, reserved 1048576K
}
Event: 17.565 GC heap after
{Heap after GC invocations=25 (full 0):
 garbage-first heap   total 92160K, used 42058K [0x00000000c2400000, 0x0000000100000000)
  region size 1024K, 1 young (1024K), 1 survivors (1024K)
 Metaspace       used 51297K, capacity 52840K, committed 52892K, reserved 1095680K
  class space    used 6100K, capacity 6719K, committed 6732K, reserved 1048576K
}
Event: 17.575 GC heap before
{Heap before GC invocations=25 (full 0):
 garbage-first heap   total 92160K, used 44106K [0x00000000c2400000, 0x0000000100000000)
  region size 1024K, 4 young (4096K), 1 survivors (1024K)
 Metaspace       used 51301K, capacity 52840K, committed 52892K, reserved 1095680K
  class space    used 6100K, capacity 6719K, committed 6732K, reserved 1048576K
}
Event: 17.578 GC heap after
{Heap after GC invocations=26 (full 0):
 garbage-first heap   total 92160K, used 42116K [0x00000000c2400000, 0x0000000100000000)
  region size 1024K, 1 young (1024K), 1 survivors (1024K)
 Metaspace       used 51301K, capacity 52840K, committed 52892K, reserved 1095680K
  class space    used 6100K, capacity 6719K, committed 6732K, reserved 1048576K
}
Event: 17.654 GC heap before
{Heap before GC invocations=26 (full 0):
 garbage-first heap   total 92160K, used 59524K [0x00000000c2400000, 0x0000000100000000)
  region size 1024K, 18 young (18432K), 1 survivors (1024K)
 Metaspace       used 51311K, capacity 52840K, committed 52892K, reserved 1095680K
  class space    used 6100K, capacity 6719K, committed 6732K, reserved 1048576K
}
Event: 17.660 GC heap after
{Heap after GC invocations=27 (full 0):
 garbage-first heap   total 92160K, used 46420K [0x00000000c2400000, 0x0000000100000000)
  region size 1024K, 3 young (3072K), 3 survivors (3072K)
 Metaspace       used 51311K, capacity 52840K, committed 52892K, reserved 1095680K
  class space    used 6100K, capacity 6719K, committed 6732K, reserved 1048576K
}
Event: 17.779 GC heap before
{Heap before GC invocations=28 (full 0):
 garbage-first heap   total 92160K, used 58708K [0x00000000c2400000, 0x0000000100000000)
  region size 1024K, 19 young (19456K), 3 survivors (3072K)
 Metaspace       used 51319K, capacity 52840K, committed 52892K, reserved 1095680K
  class space    used 6100K, capacity 6719K, committed 6732K, reserved 1048576K
}
Event: 17.787 GC heap after
{Heap after GC invocations=29 (full 0):
 garbage-first heap   total 92160K, used 46720K [0x00000000c2400000, 0x0000000100000000)
  region size 1024K, 3 young (3072K), 3 survivors (3072K)
 Metaspace       used 51319K, capacity 52840K, committed 52892K, reserved 1095680K
  class space    used 6100K, capacity 6719K, committed 6732K, reserved 1048576K
}
Event: 17.801 GC heap before
{Heap before GC invocations=29 (full 0):
 garbage-first heap   total 92160K, used 47744K [0x00000000c2400000, 0x0000000100000000)
  region size 1024K, 4 young (4096K), 3 survivors (3072K)
 Metaspace       used 51319K, capacity 52840K, committed 52892K, reserved 1095680K
  class space    used 6100K, capacity 6719K, committed 6732K, reserved 1048576K
}
Event: 17.807 GC heap after
{Heap after GC invocations=30 (full 0):
 garbage-first heap   total 92160K, used 38874K [0x00000000c2400000, 0x0000000100000000)
  region size 1024K, 1 young (1024K), 1 survivors (1024K)
 Metaspace       used 51319K, capacity 52840K, committed 52892K, reserved 1095680K
  class space    used 6100K, capacity 6719K, committed 6732K, reserved 1048576K
}
Event: 18.317 GC heap before
{Heap before GC invocations=30 (full 0):
 garbage-first heap   total 92160K, used 57306K [0x00000000c2400000, 0x0000000100000000)
  region size 1024K, 20 young (20480K), 1 survivors (1024K)
 Metaspace       used 52899K, capacity 54610K, committed 54684K, reserved 1097728K
  class space    used 6327K, capacity 6987K, committed 6988K, reserved 1048576K
}
Event: 18.323 GC heap after
{Heap after GC invocations=31 (full 0):
 garbage-first heap   total 92160K, used 41798K [0x00000000c2400000, 0x0000000100000000)
  region size 1024K, 3 young (3072K), 3 survivors (3072K)
 Metaspace       used 52899K, capacity 54610K, committed 54684K, reserved 1097728K
  class space    used 6327K, capacity 6987K, committed 6988K, reserved 1048576K
}

